<?xml version="1.0" encoding="UTF-8"?>
<robot generator="Robot 5.0.1 (Python 3.10.5 on win32)" generated="20220705 14:43:41.551" rpa="false" schemaversion="3">
<suite id="s1" name="Order" source="D:\QA\TaskWebRobot\Steps\Order.robot">
<test id="s1-t1" name="User Should Be Able to order product" line="7">
<kw name="Open Browser Chrome" library="Order" type="SETUP">
<kw name="Open Browser" library="SeleniumLibrary">
<arg>browser=chrome</arg>
<arg>url=${ORDER_URL}</arg>
<doc>Opens a new browser instance to the optional ``url``.</doc>
<msg timestamp="20220705 14:43:41.767" level="INFO">Opening browser 'chrome' to base url 'http://automationpractice.com/index.php?id_product=3&amp;controller=product'.</msg>
<status status="PASS" starttime="20220705 14:43:41.767" endtime="20220705 14:43:52.386"/>
</kw>
<status status="PASS" starttime="20220705 14:43:41.767" endtime="20220705 14:43:52.386"/>
</kw>
<kw name="Verify Current Url Is Contact Url" library="Order">
<doc>Verify current url is order url</doc>
<kw name="Location Should Be" library="SeleniumLibrary">
<arg>${ORDER_URL}</arg>
<doc>Verifies that the current URL is exactly ``url``.</doc>
<msg timestamp="20220705 14:43:52.398" level="INFO">Current location is 'http://automationpractice.com/index.php?id_product=3&amp;controller=product'.</msg>
<status status="PASS" starttime="20220705 14:43:52.386" endtime="20220705 14:43:52.398"/>
</kw>
<kw name="Sleep" library="BuiltIn">
<arg>5s</arg>
<doc>Pauses the test executed for the given time.</doc>
<msg timestamp="20220705 14:43:57.405" level="INFO">Slept 5 seconds</msg>
<status status="PASS" starttime="20220705 14:43:52.398" endtime="20220705 14:43:57.406"/>
</kw>
<status status="PASS" starttime="20220705 14:43:52.386" endtime="20220705 14:43:57.406"/>
</kw>
<kw name="Klik Add to cart" library="Order">
<kw name="Click Element" library="SeleniumLibrary">
<arg>${add_blue}</arg>
<doc>Click the element identified by ``locator``.</doc>
<msg timestamp="20220705 14:43:57.409" level="INFO">Clicking element '(//button[@type="submit"])[3]'.</msg>
<status status="PASS" starttime="20220705 14:43:57.407" endtime="20220705 14:43:57.490"/>
</kw>
<kw name="Sleep" library="BuiltIn">
<arg>5s</arg>
<doc>Pauses the test executed for the given time.</doc>
<msg timestamp="20220705 14:44:02.503" level="INFO">Slept 5 seconds</msg>
<status status="PASS" starttime="20220705 14:43:57.490" endtime="20220705 14:44:02.503"/>
</kw>
<status status="PASS" starttime="20220705 14:43:57.407" endtime="20220705 14:44:02.503"/>
</kw>
<kw name="Success add to shopping cart" library="Order">
<kw name="Element Should Be Visible" library="SeleniumLibrary">
<arg>${add_green}</arg>
<doc>Verifies that the element identified by ``locator`` is visible.</doc>
<msg timestamp="20220705 14:44:02.554" level="INFO">Element '//*[@class="btn btn-default button button-medium"]' is displayed.</msg>
<status status="PASS" starttime="20220705 14:44:02.503" endtime="20220705 14:44:02.554"/>
</kw>
<status status="PASS" starttime="20220705 14:44:02.503" endtime="20220705 14:44:02.554"/>
</kw>
<kw name="Klik checkout" library="Order">
<kw name="Click Element" library="SeleniumLibrary">
<arg>${checkout}</arg>
<doc>Click the element identified by ``locator``.</doc>
<msg timestamp="20220705 14:44:02.554" level="INFO">Clicking element '//*[@class="btn btn-default button button-medium"]'.</msg>
<status status="PASS" starttime="20220705 14:44:02.554" endtime="20220705 14:44:14.339"/>
</kw>
<status status="PASS" starttime="20220705 14:44:02.554" endtime="20220705 14:44:14.339"/>
</kw>
<kw name="Summary page is appear" library="Order">
<kw name="Element Should Be Visible" library="SeleniumLibrary">
<arg>${summary_page}</arg>
<doc>Verifies that the element identified by ``locator`` is visible.</doc>
<msg timestamp="20220705 14:44:14.376" level="INFO">Element '//*[@class="label label-success"]' is displayed.</msg>
<status status="PASS" starttime="20220705 14:44:14.339" endtime="20220705 14:44:14.376"/>
</kw>
<kw name="Sleep" library="BuiltIn">
<arg>5s</arg>
<doc>Pauses the test executed for the given time.</doc>
<msg timestamp="20220705 14:44:19.392" level="INFO">Slept 5 seconds</msg>
<status status="PASS" starttime="20220705 14:44:14.376" endtime="20220705 14:44:19.392"/>
</kw>
<status status="PASS" starttime="20220705 14:44:14.339" endtime="20220705 14:44:19.392"/>
</kw>
<kw name="Click Checkout Summary" library="Order">
<kw name="Click Element" library="SeleniumLibrary">
<arg>${checkout_summary}</arg>
<doc>Click the element identified by ``locator``.</doc>
<msg timestamp="20220705 14:44:19.395" level="INFO">Clicking element '//*[@class="button btn btn-default standard-checkout button-medium"]'.</msg>
<status status="PASS" starttime="20220705 14:44:19.392" endtime="20220705 14:44:35.846"/>
</kw>
<status status="PASS" starttime="20220705 14:44:19.392" endtime="20220705 14:44:35.846"/>
</kw>
<kw name="Sign in page is appear" library="Order">
<kw name="Element Should Be Visible" library="SeleniumLibrary">
<arg>${signin_page}</arg>
<doc>Verifies that the element identified by ``locator`` is visible.</doc>
<msg timestamp="20220705 14:44:35.887" level="INFO">Element '//*[@id="email_create"]' is displayed.</msg>
<status status="PASS" starttime="20220705 14:44:35.849" endtime="20220705 14:44:35.887"/>
</kw>
<kw name="Sleep" library="BuiltIn">
<arg>5s</arg>
<doc>Pauses the test executed for the given time.</doc>
<msg timestamp="20220705 14:44:40.888" level="INFO">Slept 5 seconds</msg>
<status status="PASS" starttime="20220705 14:44:35.887" endtime="20220705 14:44:40.888"/>
</kw>
<status status="PASS" starttime="20220705 14:44:35.846" endtime="20220705 14:44:40.888"/>
</kw>
<kw name="Input Email" library="Order">
<kw name="Input Text" library="SeleniumLibrary">
<arg>${email}</arg>
<arg>andhjb@gmail.com</arg>
<doc>Types the given ``text`` into the text field identified by ``locator``.</doc>
<msg timestamp="20220705 14:44:40.891" level="INFO">Typing text 'andhjb@gmail.com' into text field '//*[@id="email"]'.</msg>
<status status="PASS" starttime="20220705 14:44:40.888" endtime="20220705 14:44:41.027"/>
</kw>
<status status="PASS" starttime="20220705 14:44:40.888" endtime="20220705 14:44:41.027"/>
</kw>
<kw name="Input Password" library="Order">
<kw name="Input Text" library="SeleniumLibrary">
<arg>${password}</arg>
<arg>12345</arg>
<doc>Types the given ``text`` into the text field identified by ``locator``.</doc>
<msg timestamp="20220705 14:44:41.027" level="INFO">Typing text '12345' into text field '//*[@id="passwd"]'.</msg>
<status status="PASS" starttime="20220705 14:44:41.027" endtime="20220705 14:44:41.139"/>
</kw>
<status status="PASS" starttime="20220705 14:44:41.027" endtime="20220705 14:44:41.139"/>
</kw>
<kw name="Klik Sign in" library="Order">
<kw name="Click Element" library="SeleniumLibrary">
<arg>${sign_in}</arg>
<doc>Click the element identified by ``locator``.</doc>
<msg timestamp="20220705 14:44:41.139" level="INFO">Clicking element '//*[@id="SubmitLogin"]'.</msg>
<status status="PASS" starttime="20220705 14:44:41.139" endtime="20220705 14:44:44.763"/>
</kw>
<kw name="Sleep" library="BuiltIn">
<arg>5s</arg>
<doc>Pauses the test executed for the given time.</doc>
<msg timestamp="20220705 14:44:49.768" level="INFO">Slept 5 seconds</msg>
<status status="PASS" starttime="20220705 14:44:44.763" endtime="20220705 14:44:49.768"/>
</kw>
<status status="PASS" starttime="20220705 14:44:41.139" endtime="20220705 14:44:49.768"/>
</kw>
<kw name="Address page is appear" library="Order">
<kw name="Element Should Be Visible" library="SeleniumLibrary">
<arg>${address_page}</arg>
<doc>Verifies that the element identified by ``locator`` is visible.</doc>
<msg timestamp="20220705 14:44:49.808" level="INFO">Element '//*[@id="ordermsg"]' is displayed.</msg>
<status status="PASS" starttime="20220705 14:44:49.770" endtime="20220705 14:44:49.808"/>
</kw>
<kw name="Sleep" library="BuiltIn">
<arg>10s</arg>
<doc>Pauses the test executed for the given time.</doc>
<msg timestamp="20220705 14:44:59.818" level="INFO">Slept 10 seconds</msg>
<status status="PASS" starttime="20220705 14:44:49.808" endtime="20220705 14:44:59.818"/>
</kw>
<status status="PASS" starttime="20220705 14:44:49.768" endtime="20220705 14:44:59.818"/>
</kw>
<kw name="Click Checkout Address" library="Order">
<kw name="Click Element" library="SeleniumLibrary">
<arg>${checkout_address}</arg>
<doc>Click the element identified by ``locator``.</doc>
<msg timestamp="20220705 14:44:59.822" level="INFO">Clicking element '//*[@class="button btn btn-default button-medium"]'.</msg>
<status status="PASS" starttime="20220705 14:44:59.818" endtime="20220705 14:45:05.910"/>
</kw>
<status status="PASS" starttime="20220705 14:44:59.818" endtime="20220705 14:45:05.910"/>
</kw>
<kw name="Close Browser" library="SeleniumLibrary" type="TEARDOWN">
<doc>Closes the current browser.</doc>
<status status="PASS" starttime="20220705 14:45:05.910" endtime="20220705 14:45:08.096"/>
</kw>
<doc>Test to verify that user should be able to order product</doc>
<status status="PASS" starttime="20220705 14:43:41.766" endtime="20220705 14:45:08.096"/>
</test>
<doc>Order test cases</doc>
<status status="PASS" starttime="20220705 14:43:41.567" endtime="20220705 14:45:08.101"/>
</suite>
<statistics>
<total>
<stat pass="1" fail="0" skip="0">All Tests</stat>
</total>
<tag>
</tag>
<suite>
<stat pass="1" fail="0" skip="0" id="s1" name="Order">Order</stat>
</suite>
</statistics>
<errors>
</errors>
</robot>
