<?xml version="1.0" encoding="UTF-8"?>
<robot generator="Robot 5.0.1 (Python 3.10.5 on win32)" generated="20220626 22:28:43.389" rpa="false" schemaversion="3">
<suite id="s1" name="Order" source="D:\QA\TaskWebRobot\Steps\Order.robot">
<test id="s1-t1" name="I order one product" line="11">
<kw name="Open Browser" library="SeleniumLibrary" type="SETUP">
<arg>${base_url}</arg>
<arg>${browser_setup}</arg>
<doc>Opens a new browser instance to the optional ``url``.</doc>
<msg timestamp="20220626 22:28:43.613" level="INFO">Opening browser 'Chrome' to base url 'http://automationpractice.com/index.php'.</msg>
<status status="PASS" starttime="20220626 22:28:43.613" endtime="20220626 22:28:54.443"/>
</kw>
<kw name="Maximize Browser Window" library="SeleniumLibrary">
<doc>Maximizes current browser window.</doc>
<status status="PASS" starttime="20220626 22:28:54.444" endtime="20220626 22:28:54.566"/>
</kw>
<kw name="Click Element" library="SeleniumLibrary">
<arg>//a[contains(@href,'href="http://automationpractice.com/index.php?controller=cart&amp;add=1&amp;id_product=1&amp;token=62836caa40f1beb6f0025f04f067953d"')]</arg>
<doc>Click the element identified by ``locator``.</doc>
<msg timestamp="20220626 22:28:54.566" level="INFO">Clicking element '//a[contains(@href,'href="http://automationpractice.com/index.php?controller=cart&amp;add=1&amp;id_product=1&amp;token=62836caa40f1beb6f0025f04f067953d"')]'.</msg>
<msg timestamp="20220626 22:28:55.193" level="INFO" html="true">&lt;/td&gt;&lt;/tr&gt;&lt;tr&gt;&lt;td colspan="3"&gt;&lt;a href="selenium-screenshot-35.png"&gt;&lt;img src="selenium-screenshot-35.png" width="800px"&gt;&lt;/a&gt;</msg>
<msg timestamp="20220626 22:28:55.193" level="FAIL">Element with locator '//a[contains(@href,'href="http://automationpractice.com/index.php?controller=cart&amp;add=1&amp;id_product=1&amp;token=62836caa40f1beb6f0025f04f067953d"')]' not found.</msg>
<status status="FAIL" starttime="20220626 22:28:54.566" endtime="20220626 22:28:55.204"/>
</kw>
<kw name="Close Browser" library="SeleniumLibrary" type="TEARDOWN">
<doc>Closes the current browser.</doc>
<status status="PASS" starttime="20220626 22:28:55.204" endtime="20220626 22:28:57.414"/>
</kw>
<status status="FAIL" starttime="20220626 22:28:43.613" endtime="20220626 22:28:57.414">Element with locator '//a[contains(@href,'href="http://automationpractice.com/index.php?controller=cart&amp;add=1&amp;id_product=1&amp;token=62836caa40f1beb6f0025f04f067953d"')]' not found.</status>
</test>
<status status="FAIL" starttime="20220626 22:28:43.398" endtime="20220626 22:28:57.418"/>
</suite>
<statistics>
<total>
<stat pass="0" fail="1" skip="0">All Tests</stat>
</total>
<tag>
</tag>
<suite>
<stat pass="0" fail="1" skip="0" id="s1" name="Order">Order</stat>
</suite>
</statistics>
<errors>
</errors>
</robot>
